<?xml version="1.0" encoding="UTF-8"?>
<testsuites name="Test Suite Forms" time="85.542" tests="4" failures="0" errors="0">
   <testsuite name="Test Suite Forms" tests="4" failures="0" errors="0" time="85.542" skipped="0" timestamp="15-06-2025T14:27:44" hostname="ACER - DESKTOP-JTI6TQ0" id="Test Suites/Test Suite Forms">
      <properties>
[...]
</properties>
      <testcase name="Test Cases/Webtables/Forms/Practice Form" time="22.195" classname="Test Cases/Webtables/Forms/Practice Form" status="PASSED">
         <system-out><![CDATA[15-06-2025T14:27:45 - [TEST_CASE][PASSED] - Test Cases/Webtables/Forms/Practice Form: Test Cases/Webtables/Forms/Practice Form

15-06-2025T14:27:47 - [TEST_STEP][PASSED] - openBrowser(""): Browser is opened with url: ''

15-06-2025T14:27:51 - [MESSAGE][PASSED] - Browser is opened with url: ''

15-06-2025T14:27:51 - [TEST_STEP][PASSED] - navigateToUrl(url): Navigate to 'https://demoqa.com/' successfully

15-06-2025T14:28:00 - [MESSAGE][PASSED] - Navigate to 'https://demoqa.com/' successfully

15-06-2025T14:28:00 - [TEST_STEP][PASSED] - maximizeWindow(): Current window maximized

15-06-2025T14:28:00 - [MESSAGE][PASSED] - Current window maximized

15-06-2025T14:28:00 - [TEST_STEP][PASSED] - waitForElementVisible(findTestObject("Webtables/toolsQA"), 0): Object 'Object Repository/Webtables/toolsQA' is visible

15-06-2025T14:28:01 - [MESSAGE][WARNING] - Timeout '0' is invalid. Using default page load timeout: '30'

15-06-2025T14:28:03 - [MESSAGE][PASSED] - Object 'Object Repository/Webtables/toolsQA' is visible

15-06-2025T14:28:03 - [TEST_STEP][PASSED] - verifyElementVisible(findTestObject("Webtables/toolsQA")): Object 'Object Repository/Webtables/toolsQA' is visible

15-06-2025T14:28:03 - [MESSAGE][PASSED] - Object 'Object Repository/Webtables/toolsQA' is visible

15-06-2025T14:28:04 - [TEST_STEP][PASSED] - scrollToElement(findTestObject("Webtables/forms"), 0): Scroll to object 'Object Repository/Webtables/forms' successfully

15-06-2025T14:28:04 - [MESSAGE][WARNING] - Timeout '0' is invalid. Using default page load timeout: '30'

15-06-2025T14:28:04 - [MESSAGE][PASSED] - Scroll to object 'Object Repository/Webtables/forms' successfully

15-06-2025T14:28:04 - [TEST_STEP][PASSED] - click(findTestObject("Webtables/forms")): Object: 'Object Repository/Webtables/forms' is clicked on

15-06-2025T14:28:05 - [MESSAGE][PASSED] - Object: 'Object Repository/Webtables/forms' is clicked on

15-06-2025T14:28:05 - [TEST_STEP][PASSED] - click(findTestObject("Webtables/Forms/practiceForm")): Object: 'Object Repository/Webtables/Forms/practiceForm' is clicked on

15-06-2025T14:28:07 - [MESSAGE][PASSED] - Object: 'Object Repository/Webtables/Forms/practiceForm' is clicked on

15-06-2025T14:28:07 - [TEST_STEP][PASSED] - verifyElementText(findTestObject("Webtables/Forms/text_practiceForm"), "Practice Form"): Actual text and expected text of test object 'Object Repository/Webtables/Forms/text_practiceForm' are matched.

15-06-2025T14:28:08 - [MESSAGE][PASSED] - Actual text and expected text of test object 'Object Repository/Webtables/Forms/text_practiceForm' are matched.]]></system-out>
         <system-err><![CDATA[]]></system-err>
      </testcase>
      <testcase name="Test Cases/Webtables/Forms/Pengisian Form" time="30.583" classname="Test Cases/Webtables/Forms/Pengisian Form" status="PASSED">
         <properties>
            <property name="data_binding"><![CDATA[{"firstName":"Indra","lastName":"Saputro","gender":"Male","hobbies":"Sports","city":"Delhi","mobileNumber":"1000000001","subjects":"Computer Science","dateOfBirth":"12 12 1999","state":"NCR","email":"indrasaputro@gmail.com","currentAddress":"Jakarta Selatan"}]]></property>
         </properties>
         <system-out><![CDATA[15-06-2025T14:28:08 - [TEST_CASE][PASSED] - Test Cases/Webtables/Forms/Pengisian Form: Test Cases/Webtables/Forms/Pengisian Form

15-06-2025T14:28:09 - [TEST_STEP][PASSED] - scrollToElement(findTestObject("Webtables/Forms/input_firstName"), 0): Scroll to object 'Object Repository/Webtables/Forms/input_firstName' successfully

15-06-2025T14:28:09 - [MESSAGE][WARNING] - Timeout '0' is invalid. Using default page load timeout: '30'

15-06-2025T14:28:16 - [MESSAGE][PASSED] - Scroll to object 'Object Repository/Webtables/Forms/input_firstName' successfully

15-06-2025T14:28:16 - [TEST_STEP][PASSED] - setText(findTestObject("Webtables/Forms/input_firstName"), firstName): Text 'Indra' is set on object 'Object Repository/Webtables/Forms/input_firstName'

15-06-2025T14:28:18 - [MESSAGE][PASSED] - Text 'Indra' is set on object 'Object Repository/Webtables/Forms/input_firstName'

15-06-2025T14:28:18 - [TEST_STEP][PASSED] - setText(findTestObject("Webtables/Forms/input_lastName"), lastName): Text 'Saputro' is set on object 'Object Repository/Webtables/Forms/input_lastName'

15-06-2025T14:28:20 - [MESSAGE][PASSED] - Text 'Saputro' is set on object 'Object Repository/Webtables/Forms/input_lastName'

15-06-2025T14:28:20 - [TEST_STEP][PASSED] - setText(findTestObject("Webtables/Forms/input_email"), email): Text 'indrasaputro@gmail.com' is set on object 'Object Repository/Webtables/Forms/input_email'

15-06-2025T14:28:21 - [MESSAGE][PASSED] - Text 'indrasaputro@gmail.com' is set on object 'Object Repository/Webtables/Forms/input_email'

15-06-2025T14:28:21 - [TEST_STEP][PASSED] - statusGender = gender: null

15-06-2025T14:28:21 - [TEST_STEP][PASSED] - radioButtonGender = TestObject().addProperty("xpath", EQUALS, "//label[normalize-space(.)='" + statusGender + "']"): null

15-06-2025T14:28:21 - [TEST_STEP][PASSED] - click(radioButtonGender): Object: '' is clicked on

15-06-2025T14:28:21 - [MESSAGE][PASSED] - Object: '' is clicked on

15-06-2025T14:28:21 - [TEST_STEP][PASSED] - setText(findTestObject("Webtables/Forms/input_mobileNumber"), mobileNumber): Text '1000000001' is set on object 'Object Repository/Webtables/Forms/input_mobileNumber'

15-06-2025T14:28:22 - [MESSAGE][PASSED] - Text '1000000001' is set on object 'Object Repository/Webtables/Forms/input_mobileNumber'

15-06-2025T14:28:22 - [TEST_STEP][PASSED] - sendKeys(findTestObject("Webtables/Forms/input_dateOfBirth"), Keys.chord(CONTROL, "a")): Keys 'CONTROL + a' sent to object: 'Object Repository/Webtables/Forms/input_dateOfBirth'

15-06-2025T14:28:23 - [MESSAGE][PASSED] - Keys 'CONTROL + a' sent to object: 'Object Repository/Webtables/Forms/input_dateOfBirth'

15-06-2025T14:28:23 - [TEST_STEP][PASSED] - sendKeys(findTestObject("Webtables/Forms/input_dateOfBirth"), dateOfBirth): Keys '12 12 1999' sent to object: 'Object Repository/Webtables/Forms/input_dateOfBirth'

15-06-2025T14:28:23 - [MESSAGE][PASSED] - Keys '12 12 1999' sent to object: 'Object Repository/Webtables/Forms/input_dateOfBirth'

15-06-2025T14:28:23 - [TEST_STEP][PASSED] - sendKeys(findTestObject("Webtables/Forms/input_dateOfBirth"), Keys.chord(ENTER)): Keys 'ENTER + ' sent to object: 'Object Repository/Webtables/Forms/input_dateOfBirth'

15-06-2025T14:28:24 - [MESSAGE][PASSED] - Keys 'ENTER + ' sent to object: 'Object Repository/Webtables/Forms/input_dateOfBirth'

15-06-2025T14:28:24 - [TEST_STEP][PASSED] - setText(findTestObject("Webtables/Forms/input_subjects"), subjects): Text 'Computer Science' is set on object 'Object Repository/Webtables/Forms/input_subjects'

15-06-2025T14:28:25 - [MESSAGE][PASSED] - Text 'Computer Science' is set on object 'Object Repository/Webtables/Forms/input_subjects'

15-06-2025T14:28:25 - [TEST_STEP][PASSED] - sendKeys(findTestObject("Webtables/Forms/input_subjects"), Keys.chord(ENTER)): Keys 'ENTER + ' sent to object: 'Object Repository/Webtables/Forms/input_subjects'

15-06-2025T14:28:25 - [MESSAGE][PASSED] - Keys 'ENTER + ' sent to object: 'Object Repository/Webtables/Forms/input_subjects'

15-06-2025T14:28:25 - [TEST_STEP][PASSED] - statusHobbies = hobbies: null

15-06-2025T14:28:25 - [TEST_STEP][PASSED] - checkboxHobbies = TestObject().addProperty("xpath", EQUALS, "//label[normalize-space(.)='" + statusHobbies + "']"): null

15-06-2025T14:28:25 - [TEST_STEP][PASSED] - click(checkboxHobbies): Object: '' is clicked on

15-06-2025T14:28:26 - [MESSAGE][PASSED] - Object: '' is clicked on

15-06-2025T14:28:26 - [TEST_STEP][PASSED] - takeScreenshot(): Taking screenshot successfully

15-06-2025T14:28:27 - [MESSAGE][PASSED] - Taking screenshot successfully
[[ATTACHMENT|F:\\Katalon Studio\\web-asep-afteroffice-katalon\\Reports\\20250615_142728\\Test Suite Forms\\20250615_142728\\1749972506650.png]]

15-06-2025T14:28:27 - [TEST_STEP][PASSED] - scrollToElement(findTestObject("Webtables/Forms/button_pilihFile"), 0): Scroll to object 'Object Repository/Webtables/Forms/button_pilihFile' successfully

15-06-2025T14:28:27 - [MESSAGE][WARNING] - Timeout '0' is invalid. Using default page load timeout: '30'

15-06-2025T14:28:27 - [MESSAGE][PASSED] - Scroll to object 'Object Repository/Webtables/Forms/button_pilihFile' successfully

15-06-2025T14:28:27 - [TEST_STEP][PASSED] - uploadFile(findTestObject("Webtables/Forms/button_pilihFile"), "C:/Users/ACER/Pictures/test.png"): File 'C:/Users/ACER/Pictures/test.png' sent to object: 'Object Repository/Webtables/Forms/button_pilihFile'

15-06-2025T14:28:27 - [MESSAGE][PASSED] - File 'C:/Users/ACER/Pictures/test.png' sent to object: 'Object Repository/Webtables/Forms/button_pilihFile'

15-06-2025T14:28:27 - [TEST_STEP][PASSED] - setText(findTestObject("Webtables/Forms/input_currentAddress"), currentAddress): Text 'Jakarta Selatan' is set on object 'Object Repository/Webtables/Forms/input_currentAddress'

15-06-2025T14:28:28 - [MESSAGE][PASSED] - Text 'Jakarta Selatan' is set on object 'Object Repository/Webtables/Forms/input_currentAddress'

15-06-2025T14:28:28 - [TEST_STEP][PASSED] - sendKeys(findTestObject("Webtables/Forms/input_selectState"), Keys.chord(state, ENTER)): Keys 'ENTER + NCR' sent to object: 'Object Repository/Webtables/Forms/input_selectState'

15-06-2025T14:28:29 - [MESSAGE][PASSED] - Keys 'ENTER + NCR' sent to object: 'Object Repository/Webtables/Forms/input_selectState'

15-06-2025T14:28:29 - [TEST_STEP][PASSED] - sendKeys(findTestObject("Webtables/Forms/input_selectCity"), Keys.chord(city, ENTER)): Keys 'ENTER + Delhi' sent to object: 'Object Repository/Webtables/Forms/input_selectCity'

15-06-2025T14:28:29 - [MESSAGE][PASSED] - Keys 'ENTER + Delhi' sent to object: 'Object Repository/Webtables/Forms/input_selectCity'

15-06-2025T14:28:29 - [TEST_STEP][PASSED] - takeScreenshot(): Taking screenshot successfully

15-06-2025T14:28:30 - [MESSAGE][PASSED] - Taking screenshot successfully
[[ATTACHMENT|F:\\Katalon Studio\\web-asep-afteroffice-katalon\\Reports\\20250615_142728\\Test Suite Forms\\20250615_142728\\1749972510125.png]]

15-06-2025T14:28:30 - [TEST_STEP][PASSED] - click(findTestObject("Webtables/Forms/button_submit")): Object: 'Object Repository/Webtables/Forms/button_submit' is clicked on

15-06-2025T14:28:30 - [MESSAGE][PASSED] - Object: 'Object Repository/Webtables/Forms/button_submit' is clicked on

15-06-2025T14:28:30 - [TEST_STEP][PASSED] - verifyElementVisible(findTestObject("Webtables/Forms/verify_suksesSubmit")): Object 'Object Repository/Webtables/Forms/verify_suksesSubmit' is visible

15-06-2025T14:28:31 - [MESSAGE][PASSED] - Object 'Object Repository/Webtables/Forms/verify_suksesSubmit' is visible

15-06-2025T14:28:31 - [TEST_STEP][PASSED] - takeScreenshot(): Taking screenshot successfully

15-06-2025T14:28:31 - [MESSAGE][PASSED] - Taking screenshot successfully
[[ATTACHMENT|F:\\Katalon Studio\\web-asep-afteroffice-katalon\\Reports\\20250615_142728\\Test Suite Forms\\20250615_142728\\1749972511656.png]]

15-06-2025T14:28:31 - [TEST_STEP][PASSED] - scrollToElement(findTestObject("Webtables/Forms/button_close"), 0): Scroll to object 'Object Repository/Webtables/Forms/button_close' successfully

15-06-2025T14:28:31 - [MESSAGE][WARNING] - Timeout '0' is invalid. Using default page load timeout: '30'

15-06-2025T14:28:32 - [MESSAGE][PASSED] - Scroll to object 'Object Repository/Webtables/Forms/button_close' successfully

15-06-2025T14:28:32 - [TEST_STEP][PASSED] - click(findTestObject("Webtables/Forms/button_close")): Object: 'Object Repository/Webtables/Forms/button_close' is clicked on

15-06-2025T14:28:39 - [MESSAGE][PASSED] - Object: 'Object Repository/Webtables/Forms/button_close' is clicked on]]></system-out>
         <system-err><![CDATA[]]></system-err>
      </testcase>
      <testcase name="Test Cases/Webtables/Forms/Pengisian Form" time="14.904" classname="Test Cases/Webtables/Forms/Pengisian Form" status="PASSED">
         <properties>
            <property name="data_binding"><![CDATA[{"firstName":"Mirna","lastName":"Burhan","gender":"Female","hobbies":"Reading","city":"Karnal","mobileNumber":"1000000002","subjects":"Accounting","dateOfBirth":"13 12 1999","state":"Haryana","email":"budiburhan@gmail.com","currentAddress":"Jakarta Barat"}]]></property>
         </properties>
         <system-out><![CDATA[15-06-2025T14:28:39 - [TEST_CASE][PASSED] - Test Cases/Webtables/Forms/Pengisian Form: Test Cases/Webtables/Forms/Pengisian Form

15-06-2025T14:28:39 - [TEST_STEP][PASSED] - scrollToElement(findTestObject("Webtables/Forms/input_firstName"), 0): Scroll to object 'Object Repository/Webtables/Forms/input_firstName' successfully

15-06-2025T14:28:39 - [MESSAGE][WARNING] - Timeout '0' is invalid. Using default page load timeout: '30'

15-06-2025T14:28:40 - [MESSAGE][PASSED] - Scroll to object 'Object Repository/Webtables/Forms/input_firstName' successfully

15-06-2025T14:28:40 - [TEST_STEP][PASSED] - setText(findTestObject("Webtables/Forms/input_firstName"), firstName): Text 'Mirna' is set on object 'Object Repository/Webtables/Forms/input_firstName'

15-06-2025T14:28:41 - [MESSAGE][PASSED] - Text 'Mirna' is set on object 'Object Repository/Webtables/Forms/input_firstName'

15-06-2025T14:28:41 - [TEST_STEP][PASSED] - setText(findTestObject("Webtables/Forms/input_lastName"), lastName): Text 'Burhan' is set on object 'Object Repository/Webtables/Forms/input_lastName'

15-06-2025T14:28:41 - [MESSAGE][PASSED] - Text 'Burhan' is set on object 'Object Repository/Webtables/Forms/input_lastName'

15-06-2025T14:28:41 - [TEST_STEP][PASSED] - setText(findTestObject("Webtables/Forms/input_email"), email): Text 'budiburhan@gmail.com' is set on object 'Object Repository/Webtables/Forms/input_email'

15-06-2025T14:28:42 - [MESSAGE][PASSED] - Text 'budiburhan@gmail.com' is set on object 'Object Repository/Webtables/Forms/input_email'

15-06-2025T14:28:42 - [TEST_STEP][PASSED] - statusGender = gender: null

15-06-2025T14:28:42 - [TEST_STEP][PASSED] - radioButtonGender = TestObject().addProperty("xpath", EQUALS, "//label[normalize-space(.)='" + statusGender + "']"): null

15-06-2025T14:28:42 - [TEST_STEP][PASSED] - click(radioButtonGender): Object: '' is clicked on

15-06-2025T14:28:43 - [MESSAGE][PASSED] - Object: '' is clicked on

15-06-2025T14:28:43 - [TEST_STEP][PASSED] - setText(findTestObject("Webtables/Forms/input_mobileNumber"), mobileNumber): Text '1000000002' is set on object 'Object Repository/Webtables/Forms/input_mobileNumber'

15-06-2025T14:28:43 - [MESSAGE][PASSED] - Text '1000000002' is set on object 'Object Repository/Webtables/Forms/input_mobileNumber'

15-06-2025T14:28:43 - [TEST_STEP][PASSED] - sendKeys(findTestObject("Webtables/Forms/input_dateOfBirth"), Keys.chord(CONTROL, "a")): Keys 'CONTROL + a' sent to object: 'Object Repository/Webtables/Forms/input_dateOfBirth'

15-06-2025T14:28:44 - [MESSAGE][PASSED] - Keys 'CONTROL + a' sent to object: 'Object Repository/Webtables/Forms/input_dateOfBirth'

15-06-2025T14:28:44 - [TEST_STEP][PASSED] - sendKeys(findTestObject("Webtables/Forms/input_dateOfBirth"), dateOfBirth): Keys '13 12 1999' sent to object: 'Object Repository/Webtables/Forms/input_dateOfBirth'

15-06-2025T14:28:45 - [MESSAGE][PASSED] - Keys '13 12 1999' sent to object: 'Object Repository/Webtables/Forms/input_dateOfBirth'

15-06-2025T14:28:45 - [TEST_STEP][PASSED] - sendKeys(findTestObject("Webtables/Forms/input_dateOfBirth"), Keys.chord(ENTER)): Keys 'ENTER + ' sent to object: 'Object Repository/Webtables/Forms/input_dateOfBirth'

15-06-2025T14:28:45 - [MESSAGE][PASSED] - Keys 'ENTER + ' sent to object: 'Object Repository/Webtables/Forms/input_dateOfBirth'

15-06-2025T14:28:45 - [TEST_STEP][PASSED] - setText(findTestObject("Webtables/Forms/input_subjects"), subjects): Text 'Accounting' is set on object 'Object Repository/Webtables/Forms/input_subjects'

15-06-2025T14:28:46 - [MESSAGE][PASSED] - Text 'Accounting' is set on object 'Object Repository/Webtables/Forms/input_subjects'

15-06-2025T14:28:46 - [TEST_STEP][PASSED] - sendKeys(findTestObject("Webtables/Forms/input_subjects"), Keys.chord(ENTER)): Keys 'ENTER + ' sent to object: 'Object Repository/Webtables/Forms/input_subjects'

15-06-2025T14:28:47 - [MESSAGE][PASSED] - Keys 'ENTER + ' sent to object: 'Object Repository/Webtables/Forms/input_subjects'

15-06-2025T14:28:47 - [TEST_STEP][PASSED] - statusHobbies = hobbies: null

15-06-2025T14:28:47 - [TEST_STEP][PASSED] - checkboxHobbies = TestObject().addProperty("xpath", EQUALS, "//label[normalize-space(.)='" + statusHobbies + "']"): null

15-06-2025T14:28:47 - [TEST_STEP][PASSED] - click(checkboxHobbies): Object: '' is clicked on

15-06-2025T14:28:47 - [MESSAGE][PASSED] - Object: '' is clicked on

15-06-2025T14:28:47 - [TEST_STEP][PASSED] - takeScreenshot(): Taking screenshot successfully

15-06-2025T14:28:48 - [MESSAGE][PASSED] - Taking screenshot successfully
[[ATTACHMENT|F:\\Katalon Studio\\web-asep-afteroffice-katalon\\Reports\\20250615_142728\\Test Suite Forms\\20250615_142728\\1749972528235.png]]

15-06-2025T14:28:48 - [TEST_STEP][PASSED] - scrollToElement(findTestObject("Webtables/Forms/button_pilihFile"), 0): Scroll to object 'Object Repository/Webtables/Forms/button_pilihFile' successfully

15-06-2025T14:28:48 - [MESSAGE][WARNING] - Timeout '0' is invalid. Using default page load timeout: '30'

15-06-2025T14:28:48 - [MESSAGE][PASSED] - Scroll to object 'Object Repository/Webtables/Forms/button_pilihFile' successfully

15-06-2025T14:28:48 - [TEST_STEP][PASSED] - uploadFile(findTestObject("Webtables/Forms/button_pilihFile"), "C:/Users/ACER/Pictures/test.png"): File 'C:/Users/ACER/Pictures/test.png' sent to object: 'Object Repository/Webtables/Forms/button_pilihFile'

15-06-2025T14:28:49 - [MESSAGE][PASSED] - File 'C:/Users/ACER/Pictures/test.png' sent to object: 'Object Repository/Webtables/Forms/button_pilihFile'

15-06-2025T14:28:49 - [TEST_STEP][PASSED] - setText(findTestObject("Webtables/Forms/input_currentAddress"), currentAddress): Text 'Jakarta Barat' is set on object 'Object Repository/Webtables/Forms/input_currentAddress'

15-06-2025T14:28:50 - [MESSAGE][PASSED] - Text 'Jakarta Barat' is set on object 'Object Repository/Webtables/Forms/input_currentAddress'

15-06-2025T14:28:50 - [TEST_STEP][PASSED] - sendKeys(findTestObject("Webtables/Forms/input_selectState"), Keys.chord(state, ENTER)): Keys 'ENTER + Haryana' sent to object: 'Object Repository/Webtables/Forms/input_selectState'

15-06-2025T14:28:50 - [MESSAGE][PASSED] - Keys 'ENTER + Haryana' sent to object: 'Object Repository/Webtables/Forms/input_selectState'

15-06-2025T14:28:50 - [TEST_STEP][PASSED] - sendKeys(findTestObject("Webtables/Forms/input_selectCity"), Keys.chord(city, ENTER)): Keys 'ENTER + Karnal' sent to object: 'Object Repository/Webtables/Forms/input_selectCity'

15-06-2025T14:28:51 - [MESSAGE][PASSED] - Keys 'ENTER + Karnal' sent to object: 'Object Repository/Webtables/Forms/input_selectCity'

15-06-2025T14:28:51 - [TEST_STEP][PASSED] - takeScreenshot(): Taking screenshot successfully

15-06-2025T14:28:52 - [MESSAGE][PASSED] - Taking screenshot successfully
[[ATTACHMENT|F:\\Katalon Studio\\web-asep-afteroffice-katalon\\Reports\\20250615_142728\\Test Suite Forms\\20250615_142728\\1749972532020.png]]

15-06-2025T14:28:52 - [TEST_STEP][PASSED] - click(findTestObject("Webtables/Forms/button_submit")): Object: 'Object Repository/Webtables/Forms/button_submit' is clicked on

15-06-2025T14:28:52 - [MESSAGE][PASSED] - Object: 'Object Repository/Webtables/Forms/button_submit' is clicked on

15-06-2025T14:28:52 - [TEST_STEP][PASSED] - verifyElementVisible(findTestObject("Webtables/Forms/verify_suksesSubmit")): Object 'Object Repository/Webtables/Forms/verify_suksesSubmit' is visible

15-06-2025T14:28:53 - [MESSAGE][PASSED] - Object 'Object Repository/Webtables/Forms/verify_suksesSubmit' is visible

15-06-2025T14:28:53 - [TEST_STEP][PASSED] - takeScreenshot(): Taking screenshot successfully

15-06-2025T14:28:53 - [MESSAGE][PASSED] - Taking screenshot successfully
[[ATTACHMENT|F:\\Katalon Studio\\web-asep-afteroffice-katalon\\Reports\\20250615_142728\\Test Suite Forms\\20250615_142728\\1749972533502.png]]

15-06-2025T14:28:53 - [TEST_STEP][PASSED] - scrollToElement(findTestObject("Webtables/Forms/button_close"), 0): Scroll to object 'Object Repository/Webtables/Forms/button_close' successfully

15-06-2025T14:28:53 - [MESSAGE][WARNING] - Timeout '0' is invalid. Using default page load timeout: '30'

15-06-2025T14:28:54 - [MESSAGE][PASSED] - Scroll to object 'Object Repository/Webtables/Forms/button_close' successfully

15-06-2025T14:28:54 - [TEST_STEP][PASSED] - click(findTestObject("Webtables/Forms/button_close")): Object: 'Object Repository/Webtables/Forms/button_close' is clicked on

15-06-2025T14:28:54 - [MESSAGE][PASSED] - Object: 'Object Repository/Webtables/Forms/button_close' is clicked on]]></system-out>
         <system-err><![CDATA[]]></system-err>
      </testcase>
      <testcase name="Test Cases/Webtables/Forms/Pengisian Form" time="14.693" classname="Test Cases/Webtables/Forms/Pengisian Form" status="PASSED">
         <properties>
            <property name="data_binding"><![CDATA[{"firstName":"Agus","lastName":"Sembiring","gender":"Other","hobbies":"Music","city":"Jaipur","mobileNumber":"1000000003","subjects":"Biology","dateOfBirth":"14 12 1999","state":"Rajasthan","email":"agussembiring@gmail.com","currentAddress":"Jakarta Utara"}]]></property>
         </properties>
         <system-out><![CDATA[15-06-2025T14:28:55 - [TEST_CASE][PASSED] - Test Cases/Webtables/Forms/Pengisian Form: Test Cases/Webtables/Forms/Pengisian Form

15-06-2025T14:28:55 - [TEST_STEP][PASSED] - scrollToElement(findTestObject("Webtables/Forms/input_firstName"), 0): Scroll to object 'Object Repository/Webtables/Forms/input_firstName' successfully

15-06-2025T14:28:55 - [MESSAGE][WARNING] - Timeout '0' is invalid. Using default page load timeout: '30'

15-06-2025T14:28:55 - [MESSAGE][PASSED] - Scroll to object 'Object Repository/Webtables/Forms/input_firstName' successfully

15-06-2025T14:28:55 - [TEST_STEP][PASSED] - setText(findTestObject("Webtables/Forms/input_firstName"), firstName): Text 'Agus' is set on object 'Object Repository/Webtables/Forms/input_firstName'

15-06-2025T14:28:56 - [MESSAGE][PASSED] - Text 'Agus' is set on object 'Object Repository/Webtables/Forms/input_firstName'

15-06-2025T14:28:56 - [TEST_STEP][PASSED] - setText(findTestObject("Webtables/Forms/input_lastName"), lastName): Text 'Sembiring' is set on object 'Object Repository/Webtables/Forms/input_lastName'

15-06-2025T14:28:57 - [MESSAGE][PASSED] - Text 'Sembiring' is set on object 'Object Repository/Webtables/Forms/input_lastName'

15-06-2025T14:28:57 - [TEST_STEP][PASSED] - setText(findTestObject("Webtables/Forms/input_email"), email): Text 'agussembiring@gmail.com' is set on object 'Object Repository/Webtables/Forms/input_email'

15-06-2025T14:28:58 - [MESSAGE][PASSED] - Text 'agussembiring@gmail.com' is set on object 'Object Repository/Webtables/Forms/input_email'

15-06-2025T14:28:58 - [TEST_STEP][PASSED] - statusGender = gender: null

15-06-2025T14:28:58 - [TEST_STEP][PASSED] - radioButtonGender = TestObject().addProperty("xpath", EQUALS, "//label[normalize-space(.)='" + statusGender + "']"): null

15-06-2025T14:28:58 - [TEST_STEP][PASSED] - click(radioButtonGender): Object: '' is clicked on

15-06-2025T14:28:58 - [MESSAGE][PASSED] - Object: '' is clicked on

15-06-2025T14:28:58 - [TEST_STEP][PASSED] - setText(findTestObject("Webtables/Forms/input_mobileNumber"), mobileNumber): Text '1000000003' is set on object 'Object Repository/Webtables/Forms/input_mobileNumber'

15-06-2025T14:28:59 - [MESSAGE][PASSED] - Text '1000000003' is set on object 'Object Repository/Webtables/Forms/input_mobileNumber'

15-06-2025T14:28:59 - [TEST_STEP][PASSED] - sendKeys(findTestObject("Webtables/Forms/input_dateOfBirth"), Keys.chord(CONTROL, "a")): Keys 'CONTROL + a' sent to object: 'Object Repository/Webtables/Forms/input_dateOfBirth'

15-06-2025T14:28:59 - [MESSAGE][PASSED] - Keys 'CONTROL + a' sent to object: 'Object Repository/Webtables/Forms/input_dateOfBirth'

15-06-2025T14:28:59 - [TEST_STEP][PASSED] - sendKeys(findTestObject("Webtables/Forms/input_dateOfBirth"), dateOfBirth): Keys '14 12 1999' sent to object: 'Object Repository/Webtables/Forms/input_dateOfBirth'

15-06-2025T14:29:00 - [MESSAGE][PASSED] - Keys '14 12 1999' sent to object: 'Object Repository/Webtables/Forms/input_dateOfBirth'

15-06-2025T14:29:00 - [TEST_STEP][PASSED] - sendKeys(findTestObject("Webtables/Forms/input_dateOfBirth"), Keys.chord(ENTER)): Keys 'ENTER + ' sent to object: 'Object Repository/Webtables/Forms/input_dateOfBirth'

15-06-2025T14:29:01 - [MESSAGE][PASSED] - Keys 'ENTER + ' sent to object: 'Object Repository/Webtables/Forms/input_dateOfBirth'

15-06-2025T14:29:01 - [TEST_STEP][PASSED] - setText(findTestObject("Webtables/Forms/input_subjects"), subjects): Text 'Biology' is set on object 'Object Repository/Webtables/Forms/input_subjects'

15-06-2025T14:29:02 - [MESSAGE][PASSED] - Text 'Biology' is set on object 'Object Repository/Webtables/Forms/input_subjects'

15-06-2025T14:29:02 - [TEST_STEP][PASSED] - sendKeys(findTestObject("Webtables/Forms/input_subjects"), Keys.chord(ENTER)): Keys 'ENTER + ' sent to object: 'Object Repository/Webtables/Forms/input_subjects'

15-06-2025T14:29:02 - [MESSAGE][PASSED] - Keys 'ENTER + ' sent to object: 'Object Repository/Webtables/Forms/input_subjects'

15-06-2025T14:29:02 - [TEST_STEP][PASSED] - statusHobbies = hobbies: null

15-06-2025T14:29:02 - [TEST_STEP][PASSED] - checkboxHobbies = TestObject().addProperty("xpath", EQUALS, "//label[normalize-space(.)='" + statusHobbies + "']"): null

15-06-2025T14:29:02 - [TEST_STEP][PASSED] - click(checkboxHobbies): Object: '' is clicked on

15-06-2025T14:29:03 - [MESSAGE][PASSED] - Object: '' is clicked on

15-06-2025T14:29:03 - [TEST_STEP][PASSED] - takeScreenshot(): Taking screenshot successfully

15-06-2025T14:29:03 - [MESSAGE][PASSED] - Taking screenshot successfully
[[ATTACHMENT|F:\\Katalon Studio\\web-asep-afteroffice-katalon\\Reports\\20250615_142728\\Test Suite Forms\\20250615_142728\\1749972543736.png]]

15-06-2025T14:29:04 - [TEST_STEP][PASSED] - scrollToElement(findTestObject("Webtables/Forms/button_pilihFile"), 0): Scroll to object 'Object Repository/Webtables/Forms/button_pilihFile' successfully

15-06-2025T14:29:04 - [MESSAGE][WARNING] - Timeout '0' is invalid. Using default page load timeout: '30'

15-06-2025T14:29:04 - [MESSAGE][PASSED] - Scroll to object 'Object Repository/Webtables/Forms/button_pilihFile' successfully

15-06-2025T14:29:04 - [TEST_STEP][PASSED] - uploadFile(findTestObject("Webtables/Forms/button_pilihFile"), "C:/Users/ACER/Pictures/test.png"): File 'C:/Users/ACER/Pictures/test.png' sent to object: 'Object Repository/Webtables/Forms/button_pilihFile'

15-06-2025T14:29:04 - [MESSAGE][PASSED] - File 'C:/Users/ACER/Pictures/test.png' sent to object: 'Object Repository/Webtables/Forms/button_pilihFile'

15-06-2025T14:29:04 - [TEST_STEP][PASSED] - setText(findTestObject("Webtables/Forms/input_currentAddress"), currentAddress): Text 'Jakarta Utara' is set on object 'Object Repository/Webtables/Forms/input_currentAddress'

15-06-2025T14:29:05 - [MESSAGE][PASSED] - Text 'Jakarta Utara' is set on object 'Object Repository/Webtables/Forms/input_currentAddress'

15-06-2025T14:29:05 - [TEST_STEP][PASSED] - sendKeys(findTestObject("Webtables/Forms/input_selectState"), Keys.chord(state, ENTER)): Keys 'ENTER + Rajasthan' sent to object: 'Object Repository/Webtables/Forms/input_selectState'

15-06-2025T14:29:05 - [MESSAGE][PASSED] - Keys 'ENTER + Rajasthan' sent to object: 'Object Repository/Webtables/Forms/input_selectState'

15-06-2025T14:29:05 - [TEST_STEP][PASSED] - sendKeys(findTestObject("Webtables/Forms/input_selectCity"), Keys.chord(city, ENTER)): Keys 'ENTER + Jaipur' sent to object: 'Object Repository/Webtables/Forms/input_selectCity'

15-06-2025T14:29:06 - [MESSAGE][PASSED] - Keys 'ENTER + Jaipur' sent to object: 'Object Repository/Webtables/Forms/input_selectCity'

15-06-2025T14:29:06 - [TEST_STEP][PASSED] - takeScreenshot(): Taking screenshot successfully

15-06-2025T14:29:07 - [MESSAGE][PASSED] - Taking screenshot successfully
[[ATTACHMENT|F:\\Katalon Studio\\web-asep-afteroffice-katalon\\Reports\\20250615_142728\\Test Suite Forms\\20250615_142728\\1749972547192.png]]

15-06-2025T14:29:07 - [TEST_STEP][PASSED] - click(findTestObject("Webtables/Forms/button_submit")): Object: 'Object Repository/Webtables/Forms/button_submit' is clicked on

15-06-2025T14:29:08 - [MESSAGE][PASSED] - Object: 'Object Repository/Webtables/Forms/button_submit' is clicked on

15-06-2025T14:29:08 - [TEST_STEP][PASSED] - verifyElementVisible(findTestObject("Webtables/Forms/verify_suksesSubmit")): Object 'Object Repository/Webtables/Forms/verify_suksesSubmit' is visible

15-06-2025T14:29:08 - [MESSAGE][PASSED] - Object 'Object Repository/Webtables/Forms/verify_suksesSubmit' is visible

15-06-2025T14:29:08 - [TEST_STEP][PASSED] - takeScreenshot(): Taking screenshot successfully

15-06-2025T14:29:09 - [MESSAGE][PASSED] - Taking screenshot successfully
[[ATTACHMENT|F:\\Katalon Studio\\web-asep-afteroffice-katalon\\Reports\\20250615_142728\\Test Suite Forms\\20250615_142728\\1749972548739.png]]

15-06-2025T14:29:09 - [TEST_STEP][PASSED] - scrollToElement(findTestObject("Webtables/Forms/button_close"), 0): Scroll to object 'Object Repository/Webtables/Forms/button_close' successfully

15-06-2025T14:29:09 - [MESSAGE][WARNING] - Timeout '0' is invalid. Using default page load timeout: '30'

15-06-2025T14:29:09 - [MESSAGE][PASSED] - Scroll to object 'Object Repository/Webtables/Forms/button_close' successfully

15-06-2025T14:29:09 - [TEST_STEP][PASSED] - click(findTestObject("Webtables/Forms/button_close")): Object: 'Object Repository/Webtables/Forms/button_close' is clicked on

15-06-2025T14:29:09 - [MESSAGE][PASSED] - Object: 'Object Repository/Webtables/Forms/button_close' is clicked on]]></system-out>
         <system-err><![CDATA[]]></system-err>
      </testcase>
      <system-out><![CDATA[15-06-2025T14:27:44 - [TEST_SUITE][PASSED] - Test Suite Forms: Test Cases/Webtables/Forms/Pengisian Form]]></system-out>
      <system-err><![CDATA[]]></system-err>
   </testsuite>
</testsuites>
